{"name": "User should be able to visit RedBus, & Fill all the necessary details to Book a online Bus ticket -- @1.7 ", "status": "broken", "statusDetails": {"message": "selenium.common.exceptions.NoSuchElementException: Message: no such element: Unable to locate element: {\"method\":\"xpath\",\"selector\":\"//div[@id=\"Pay through UPI ID\"]\"}\n  (Session info: chrome=107.0.5304.87)\n\n", "trace": "  File \"c:\\users\\vinil\\appdata\\local\\programs\\python\\python39\\lib\\site-packages\\behave\\model.py\", line 1329, in run\n    match.run(runner.context)\n  File \"c:\\users\\vinil\\appdata\\local\\programs\\python\\python39\\lib\\site-packages\\behave\\matchers.py\", line 98, in run\n    self.func(context, *args, **kwargs)\n  File \"rbfeatures\\steps\\RedBus.py\", line 153, in step_impl\n    context.driver.find_element('xpath', '//div[@id=\"Pay through UPI ID\"]').click()\n  File \"c:\\users\\vinil\\appdata\\local\\programs\\python\\python39\\lib\\site-packages\\selenium\\webdriver\\remote\\webdriver.py\", line 976, in find_element\n    return self.execute(Command.FIND_ELEMENT, {\n  File \"c:\\users\\vinil\\appdata\\local\\programs\\python\\python39\\lib\\site-packages\\selenium\\webdriver\\remote\\webdriver.py\", line 321, in execute\n    self.error_handler.check_response(response)\n  File \"c:\\users\\vinil\\appdata\\local\\programs\\python\\python39\\lib\\site-packages\\selenium\\webdriver\\remote\\errorhandler.py\", line 242, in check_response\n    raise exception_class(message, screen, stacktrace)\n"}, "steps": [{"name": "Given I launch chrome browser and open redbus website", "status": "passed", "start": 1667455371009, "stop": 1667455377820}, {"name": "When I select Bus Tickets option", "status": "passed", "start": 1667455377821, "stop": 1667455379855}, {"name": "And Enter \"Hyderabad\"", "status": "passed", "start": 1667455379855, "stop": 1667455384105}, {"name": "And Select \"Bangalore\"", "status": "passed", "start": 1667455384105, "stop": 1667455386282}, {"name": "And Select OnwardDate", "status": "passed", "start": 1667455386282, "stop": 1667455389498}, {"name": "Then Click on Search Buses button", "status": "passed", "start": 1667455389499, "stop": 1667455395651}, {"name": "When I select ok,got it button", "status": "passed", "start": 1667455395651, "stop": 1667455395894}, {"name": "When I select View Seats button", "status": "passed", "start": 1667455395894, "stop": 1667455419271}, {"name": "Then click on proceed to book", "status": "passed", "start": 1667455419271, "stop": 1667455422736}, {"name": "When Provide \"vinil\" and \"23\" to add passenger information", "status": "passed", "start": 1667455422736, "stop": 1667455425113}, {"name": "And provide \"vinilvishwanth@gmail.com\" and \"910026\" to add coctact deatils", "status": "passed", "start": 1667455425113, "stop": 1667455437083}, {"name": "Then click on proceed to pay", "status": "passed", "start": 1667455437083, "stop": 1667455439446}, {"name": "When I choose the payment method", "status": "broken", "statusDetails": {"message": "selenium.common.exceptions.NoSuchElementException: Message: no such element: Unable to locate element: {\"method\":\"xpath\",\"selector\":\"//div[@id=\"Pay through UPI ID\"]\"}\n  (Session info: chrome=107.0.5304.87)\n\n", "trace": "  File \"c:\\users\\vinil\\appdata\\local\\programs\\python\\python39\\lib\\site-packages\\behave\\model.py\", line 1329, in run\n    match.run(runner.context)\n  File \"c:\\users\\vinil\\appdata\\local\\programs\\python\\python39\\lib\\site-packages\\behave\\matchers.py\", line 98, in run\n    self.func(context, *args, **kwargs)\n  File \"rbfeatures\\steps\\RedBus.py\", line 153, in step_impl\n    context.driver.find_element('xpath', '//div[@id=\"Pay through UPI ID\"]').click()\n  File \"c:\\users\\vinil\\appdata\\local\\programs\\python\\python39\\lib\\site-packages\\selenium\\webdriver\\remote\\webdriver.py\", line 976, in find_element\n    return self.execute(Command.FIND_ELEMENT, {\n  File \"c:\\users\\vinil\\appdata\\local\\programs\\python\\python39\\lib\\site-packages\\selenium\\webdriver\\remote\\webdriver.py\", line 321, in execute\n    self.error_handler.check_response(response)\n  File \"c:\\users\\vinil\\appdata\\local\\programs\\python\\python39\\lib\\site-packages\\selenium\\webdriver\\remote\\errorhandler.py\", line 242, in check_response\n    raise exception_class(message, screen, stacktrace)\n"}, "start": 1667455439446, "stop": 1667455471486}, {"name": "And I should provide valid \"vinilvishw@yb\" payment details", "status": "skipped", "start": 1667455471487, "stop": 1667455471487}, {"name": "Then Click on Verify and proceed button to Book a Bus ticket", "status": "skipped", "start": 1667455471487, "stop": 1667455471487}], "parameters": [{"name": "From_Destination", "value": "Hyderabad"}, {"name": "To_Destination", "value": "Bangalore"}, {"name": "name", "value": "vinil"}, {"name": "age", "value": "23"}, {"name": "email_id", "value": "vinilvishwanth@gmail.com"}, {"name": "phone_no", "value": "910026"}, {"name": "upi_id", "value": "vinilvishw@yb"}], "start": 1667455371007, "stop": 1667455471487, "uuid": "5ee031ee-1d68-4dee-b81f-317a1e9c751f", "historyId": "8722b5cb486100f09e51b46041509495", "fullName": "RedBus booking ticket: User should be able to visit RedBus, & Fill all the necessary details to Book a online Bus ticket", "labels": [{"name": "severity", "value": "normal"}, {"name": "feature", "value": "RedBus booking ticket"}, {"name": "framework", "value": "behave"}, {"name": "language", "value": "cpython3"}]}