{"name": "User should be able to visit RedBus, & Fill all the necessary details to Book a online Bus ticket -- @1.5 ", "status": "broken", "statusDetails": {"message": "selenium.common.exceptions.NoSuchElementException: Message: no such element: Unable to locate element: {\"method\":\"xpath\",\"selector\":\"//div[@id=\"Pay through UPI ID\"]\"}\n  (Session info: chrome=107.0.5304.87)\n\n", "trace": "  File \"c:\\users\\vinil\\appdata\\local\\programs\\python\\python39\\lib\\site-packages\\behave\\model.py\", line 1329, in run\n    match.run(runner.context)\n  File \"c:\\users\\vinil\\appdata\\local\\programs\\python\\python39\\lib\\site-packages\\behave\\matchers.py\", line 98, in run\n    self.func(context, *args, **kwargs)\n  File \"rbfeatures\\steps\\RedBus.py\", line 153, in step_impl\n    context.driver.find_element('xpath', '//div[@id=\"Pay through UPI ID\"]').click()\n  File \"c:\\users\\vinil\\appdata\\local\\programs\\python\\python39\\lib\\site-packages\\selenium\\webdriver\\remote\\webdriver.py\", line 976, in find_element\n    return self.execute(Command.FIND_ELEMENT, {\n  File \"c:\\users\\vinil\\appdata\\local\\programs\\python\\python39\\lib\\site-packages\\selenium\\webdriver\\remote\\webdriver.py\", line 321, in execute\n    self.error_handler.check_response(response)\n  File \"c:\\users\\vinil\\appdata\\local\\programs\\python\\python39\\lib\\site-packages\\selenium\\webdriver\\remote\\errorhandler.py\", line 242, in check_response\n    raise exception_class(message, screen, stacktrace)\n"}, "steps": [{"name": "Given I launch chrome browser and open redbus website", "status": "passed", "start": 1667455222148, "stop": 1667455227108}, {"name": "When I select Bus Tickets option", "status": "passed", "start": 1667455227109, "stop": 1667455235647}, {"name": "And Enter \"Hyderabad\"", "status": "passed", "start": 1667455235647, "stop": 1667455240007}, {"name": "And Select \"Bangalore\"", "status": "passed", "start": 1667455240007, "stop": 1667455242278}, {"name": "And Select OnwardDate", "status": "passed", "start": 1667455242278, "stop": 1667455245575}, {"name": "Then Click on Search Buses button", "status": "passed", "start": 1667455245576, "stop": 1667455251719}, {"name": "When I select ok,got it button", "status": "passed", "start": 1667455251719, "stop": 1667455251913}, {"name": "When I select View Seats button", "status": "passed", "start": 1667455251913, "stop": 1667455269261}, {"name": "Then click on proceed to book", "status": "passed", "start": 1667455269261, "stop": 1667455272745}, {"name": "When Provide \"vinil\" and \"100\" to add passenger information", "status": "passed", "start": 1667455272745, "stop": 1667455275286}, {"name": "And provide \"vinilvishwanth@gmail.com\" and \"9100260674\" to add coctact deatils", "status": "passed", "start": 1667455275287, "stop": 1667455287035}, {"name": "Then click on proceed to pay", "status": "passed", "start": 1667455287035, "stop": 1667455289417}, {"name": "When I choose the payment method", "status": "broken", "statusDetails": {"message": "selenium.common.exceptions.NoSuchElementException: Message: no such element: Unable to locate element: {\"method\":\"xpath\",\"selector\":\"//div[@id=\"Pay through UPI ID\"]\"}\n  (Session info: chrome=107.0.5304.87)\n\n", "trace": "  File \"c:\\users\\vinil\\appdata\\local\\programs\\python\\python39\\lib\\site-packages\\behave\\model.py\", line 1329, in run\n    match.run(runner.context)\n  File \"c:\\users\\vinil\\appdata\\local\\programs\\python\\python39\\lib\\site-packages\\behave\\matchers.py\", line 98, in run\n    self.func(context, *args, **kwargs)\n  File \"rbfeatures\\steps\\RedBus.py\", line 153, in step_impl\n    context.driver.find_element('xpath', '//div[@id=\"Pay through UPI ID\"]').click()\n  File \"c:\\users\\vinil\\appdata\\local\\programs\\python\\python39\\lib\\site-packages\\selenium\\webdriver\\remote\\webdriver.py\", line 976, in find_element\n    return self.execute(Command.FIND_ELEMENT, {\n  File \"c:\\users\\vinil\\appdata\\local\\programs\\python\\python39\\lib\\site-packages\\selenium\\webdriver\\remote\\webdriver.py\", line 321, in execute\n    self.error_handler.check_response(response)\n  File \"c:\\users\\vinil\\appdata\\local\\programs\\python\\python39\\lib\\site-packages\\selenium\\webdriver\\remote\\errorhandler.py\", line 242, in check_response\n    raise exception_class(message, screen, stacktrace)\n"}, "start": 1667455289419, "stop": 1667455321503}, {"name": "And I should provide valid \"vinilvishwant\" payment details", "status": "skipped", "start": 1667455321506, "stop": 1667455321506}, {"name": "Then Click on Verify and proceed button to Book a Bus ticket", "status": "skipped", "start": 1667455321506, "stop": 1667455321506}], "parameters": [{"name": "From_Destination", "value": "Hyderabad"}, {"name": "To_Destination", "value": "Bangalore"}, {"name": "name", "value": "vinil"}, {"name": "age", "value": "100"}, {"name": "email_id", "value": "vinilvishwanth@gmail.com"}, {"name": "phone_no", "value": "9100260674"}, {"name": "upi_id", "value": "vinilvishwant"}], "start": 1667455222147, "stop": 1667455321506, "uuid": "1992021e-9264-4629-80f8-00b605c28d07", "historyId": "5f23dfbca57b0ec2d81e230dce5cb12a", "fullName": "RedBus booking ticket: User should be able to visit RedBus, & Fill all the necessary details to Book a online Bus ticket", "labels": [{"name": "severity", "value": "normal"}, {"name": "feature", "value": "RedBus booking ticket"}, {"name": "framework", "value": "behave"}, {"name": "language", "value": "cpython3"}]}